mode: set
homework-3/internal/pkg/repository/postgresql/repo.go:21.39,23.2 1 1
homework-3/internal/pkg/repository/postgresql/repo.go:26.83,34.2 5 0
homework-3/internal/pkg/repository/postgresql/repo.go:37.92,45.2 5 0
homework-3/internal/pkg/repository/postgresql/repo.go:48.86,53.35 4 0
homework-3/internal/pkg/repository/postgresql/repo.go:53.35,55.3 1 0
homework-3/internal/pkg/repository/postgresql/repo.go:57.2,58.16 2 0
homework-3/internal/pkg/repository/postgresql/repo.go:62.85,66.16 3 1
homework-3/internal/pkg/repository/postgresql/repo.go:66.16,67.36 1 1
homework-3/internal/pkg/repository/postgresql/repo.go:67.36,69.4 1 1
homework-3/internal/pkg/repository/postgresql/repo.go:70.3,70.18 1 1
homework-3/internal/pkg/repository/postgresql/repo.go:72.2,72.19 1 1
homework-3/internal/pkg/repository/postgresql/repo.go:76.101,79.16 3 0
homework-3/internal/pkg/repository/postgresql/repo.go:79.16,81.3 1 0
homework-3/internal/pkg/repository/postgresql/repo.go:83.2,83.22 1 0
homework-3/internal/pkg/repository/postgresql/repo.go:87.76,89.16 2 0
homework-3/internal/pkg/repository/postgresql/repo.go:89.16,91.3 1 0
homework-3/internal/pkg/repository/postgresql/repo.go:93.2,93.29 1 0
homework-3/internal/pkg/repository/postgresql/repo.go:93.29,95.3 1 0
homework-3/internal/pkg/repository/postgresql/repo.go:96.2,96.18 1 0
homework-3/internal/crud/create.go:15.70,17.16 2 1
homework-3/internal/crud/create.go:17.16,20.3 2 0
homework-3/internal/crud/create.go:22.2,23.56 2 1
homework-3/internal/crud/create.go:23.56,26.3 2 0
homework-3/internal/crud/create.go:28.2,33.16 3 1
homework-3/internal/crud/create.go:33.16,36.3 2 1
homework-3/internal/crud/create.go:37.2,39.16 3 1
homework-3/internal/crud/create.go:39.16,42.3 2 0
homework-3/internal/crud/create.go:44.2,46.16 3 1
homework-3/internal/crud/create.go:46.16,49.3 2 0
homework-3/internal/crud/create_comment.go:15.73,17.16 2 1
homework-3/internal/crud/create_comment.go:17.16,20.3 2 0
homework-3/internal/crud/create_comment.go:22.2,23.56 2 1
homework-3/internal/crud/create_comment.go:23.56,26.3 2 0
homework-3/internal/crud/create_comment.go:28.2,29.9 2 1
homework-3/internal/crud/create_comment.go:29.9,31.3 1 0
homework-3/internal/crud/create_comment.go:33.2,39.16 3 1
homework-3/internal/crud/create_comment.go:39.16,42.3 2 1
homework-3/internal/crud/create_comment.go:44.2,46.16 3 1
homework-3/internal/crud/create_comment.go:46.16,49.3 2 0
homework-3/internal/crud/create_comment.go:51.2,53.16 3 1
homework-3/internal/crud/create_comment.go:53.16,56.3 2 0
homework-3/internal/crud/delete.go:14.74,16.9 2 1
homework-3/internal/crud/delete.go:16.9,18.3 1 1
homework-3/internal/crud/delete.go:20.2,21.16 2 1
homework-3/internal/crud/delete.go:21.16,22.51 1 1
homework-3/internal/crud/delete.go:22.51,25.4 2 1
homework-3/internal/crud/delete.go:26.3,27.9 2 1
homework-3/internal/crud/delete.go:29.2,29.30 1 1
homework-3/internal/crud/read.go:15.71,17.9 2 1
homework-3/internal/crud/read.go:17.9,19.3 1 0
homework-3/internal/crud/read.go:21.2,22.16 2 1
homework-3/internal/crud/read.go:22.16,23.51 1 1
homework-3/internal/crud/read.go:23.51,26.4 2 1
homework-3/internal/crud/read.go:27.3,28.9 2 1
homework-3/internal/crud/read.go:31.2,32.16 2 1
homework-3/internal/crud/read.go:32.16,35.3 2 1
homework-3/internal/crud/read.go:37.2,43.16 3 1
homework-3/internal/crud/read.go:43.16,46.3 2 0
homework-3/internal/crud/read.go:48.2,50.16 3 1
homework-3/internal/crud/read.go:50.16,53.3 2 0
homework-3/internal/crud/router.go:18.60,25.2 3 0
homework-3/internal/crud/router.go:27.36,33.2 5 0
homework-3/internal/crud/update.go:16.70,18.16 2 0
homework-3/internal/crud/update.go:18.16,21.3 2 0
homework-3/internal/crud/update.go:23.2,24.56 2 0
homework-3/internal/crud/update.go:24.56,27.3 2 0
homework-3/internal/crud/update.go:29.2,29.23 1 0
homework-3/internal/crud/update.go:29.23,32.3 2 0
homework-3/internal/crud/update.go:34.2,40.16 3 0
homework-3/internal/crud/update.go:40.16,41.51 1 0
homework-3/internal/crud/update.go:41.51,44.4 2 0
homework-3/internal/crud/update.go:45.3,46.9 2 0
homework-3/internal/crud/update.go:48.2,49.16 2 0
homework-3/internal/crud/update.go:49.16,52.3 2 0
homework-3/internal/crud/update.go:54.2,56.16 3 0
homework-3/internal/crud/update.go:56.16,59.3 2 0
