mode: set
homework-3/internal/pkg/repository/postgresql/repo.go:21.39,23.2 1 1
homework-3/internal/pkg/repository/postgresql/repo.go:26.83,34.2 5 0
homework-3/internal/pkg/repository/postgresql/repo.go:37.92,45.2 5 0
homework-3/internal/pkg/repository/postgresql/repo.go:48.86,53.35 4 0
homework-3/internal/pkg/repository/postgresql/repo.go:53.35,55.3 1 0
homework-3/internal/pkg/repository/postgresql/repo.go:57.2,58.16 2 0
homework-3/internal/pkg/repository/postgresql/repo.go:62.85,66.16 3 1
homework-3/internal/pkg/repository/postgresql/repo.go:66.16,67.36 1 1
homework-3/internal/pkg/repository/postgresql/repo.go:67.36,69.4 1 1
homework-3/internal/pkg/repository/postgresql/repo.go:70.3,70.18 1 1
homework-3/internal/pkg/repository/postgresql/repo.go:72.2,72.19 1 1
homework-3/internal/pkg/repository/postgresql/repo.go:76.101,79.16 3 0
homework-3/internal/pkg/repository/postgresql/repo.go:79.16,81.3 1 0
homework-3/internal/pkg/repository/postgresql/repo.go:83.2,83.22 1 0
homework-3/internal/pkg/repository/postgresql/repo.go:87.76,89.16 2 0
homework-3/internal/pkg/repository/postgresql/repo.go:89.16,91.3 1 0
homework-3/internal/pkg/repository/postgresql/repo.go:93.2,93.29 1 0
homework-3/internal/pkg/repository/postgresql/repo.go:93.29,95.3 1 0
homework-3/internal/pkg/repository/postgresql/repo.go:96.2,96.18 1 0
homework-3/internal/crud/create.go:14.90,17.16 2 1
homework-3/internal/crud/create.go:17.16,19.3 1 1
homework-3/internal/crud/create.go:20.2,24.32 3 1
homework-3/internal/crud/create.go:27.59,29.57 2 1
homework-3/internal/crud/create.go:29.57,31.3 1 1
homework-3/internal/crud/create.go:33.2,33.33 1 1
homework-3/internal/crud/create.go:33.33,35.3 1 1
homework-3/internal/crud/create.go:37.2,42.32 2 1
homework-3/internal/crud/create.go:46.76,48.29 2 0
homework-3/internal/crud/create.go:48.29,51.3 2 0
homework-3/internal/crud/create.go:53.2,54.29 2 0
homework-3/internal/crud/create.go:54.29,57.3 2 0
homework-3/internal/crud/create.go:58.2,61.16 4 0
homework-3/internal/crud/create.go:61.16,64.3 2 0
homework-3/internal/crud/create_comment.go:14.95,17.16 2 1
homework-3/internal/crud/create_comment.go:17.16,19.3 1 1
homework-3/internal/crud/create_comment.go:21.2,23.16 3 1
homework-3/internal/crud/create_comment.go:23.16,25.3 1 0
homework-3/internal/crud/create_comment.go:27.2,27.35 1 1
homework-3/internal/crud/create_comment.go:30.79,32.57 2 1
homework-3/internal/crud/create_comment.go:32.57,34.3 1 1
homework-3/internal/crud/create_comment.go:36.2,36.33 1 1
homework-3/internal/crud/create_comment.go:36.33,38.3 1 1
homework-3/internal/crud/create_comment.go:40.2,45.31 2 1
homework-3/internal/crud/create_comment.go:49.79,51.29 2 0
homework-3/internal/crud/create_comment.go:51.29,54.3 2 0
homework-3/internal/crud/create_comment.go:56.2,57.9 2 0
homework-3/internal/crud/create_comment.go:57.9,60.3 2 0
homework-3/internal/crud/create_comment.go:62.2,63.29 2 0
homework-3/internal/crud/create_comment.go:63.29,66.3 2 0
homework-3/internal/crud/create_comment.go:67.2,70.16 4 0
homework-3/internal/crud/create_comment.go:70.16,73.3 2 0
homework-3/internal/crud/delete.go:14.81,17.16 2 1
homework-3/internal/crud/delete.go:17.16,18.51 1 1
homework-3/internal/crud/delete.go:18.51,20.4 1 1
homework-3/internal/crud/delete.go:21.3,21.103 1 1
homework-3/internal/crud/delete.go:23.2,23.27 1 1
homework-3/internal/crud/delete.go:27.80,30.29 2 0
homework-3/internal/crud/delete.go:30.29,33.3 2 0
homework-3/internal/crud/delete.go:34.2,38.16 4 0
homework-3/internal/crud/delete.go:38.16,41.3 2 0
homework-3/internal/crud/read.go:15.74,18.16 2 1
homework-3/internal/crud/read.go:18.16,19.51 1 1
homework-3/internal/crud/read.go:19.51,21.4 1 1
homework-3/internal/crud/read.go:22.3,22.92 1 1
homework-3/internal/crud/read.go:25.2,26.16 2 1
homework-3/internal/crud/read.go:26.16,28.3 1 1
homework-3/internal/crud/read.go:30.2,36.36 3 1
homework-3/internal/crud/read.go:40.77,42.29 2 0
homework-3/internal/crud/read.go:42.29,45.3 2 0
homework-3/internal/crud/read.go:46.2,49.16 4 0
homework-3/internal/crud/read.go:49.16,52.3 2 0
homework-3/internal/crud/router.go:18.60,25.2 3 0
homework-3/internal/crud/router.go:27.36,33.2 5 0
homework-3/internal/crud/update.go:17.90,20.16 2 1
homework-3/internal/crud/update.go:20.16,21.51 1 1
homework-3/internal/crud/update.go:21.51,23.4 1 1
homework-3/internal/crud/update.go:24.3,24.93 1 1
homework-3/internal/crud/update.go:27.2,28.16 2 1
homework-3/internal/crud/update.go:28.16,31.3 1 0
homework-3/internal/crud/update.go:33.2,33.32 1 1
homework-3/internal/crud/update.go:36.59,38.57 2 1
homework-3/internal/crud/update.go:38.57,40.3 1 0
homework-3/internal/crud/update.go:42.2,42.23 1 1
homework-3/internal/crud/update.go:42.23,44.3 1 1
homework-3/internal/crud/update.go:46.2,52.32 2 1
homework-3/internal/crud/update.go:56.76,58.29 2 0
homework-3/internal/crud/update.go:58.29,61.3 2 0
homework-3/internal/crud/update.go:63.2,64.29 2 0
homework-3/internal/crud/update.go:64.29,67.3 2 0
homework-3/internal/crud/update.go:68.2,71.16 4 0
homework-3/internal/crud/update.go:71.16,74.3 2 0
